androidcore/build/outputs/logs/manifest-merger-debug-report.txt
-- Merging decision tree log ---
manifest
ADDED from src\main\AndroidManifest.xml:2:1-27:12
INJECTED from src\main\AndroidManifest.xml:2:1-27:12
INJECTED from src\main\AndroidManifest.xml:2:1-27:12
INJECTED from src\main\AndroidManifest.xml:2:1-27:12
INJECTED from src\main\AndroidManifest.xml:2:1-27:12
INJECTED from src\main\AndroidManifest.xml:2:1-27:12
INJECTED from src\main\AndroidManifest.xml:2:1-27:12
	package
		ADDED from src\main\AndroidManifest.xml:3:7-40
		INJECTED from src\main\AndroidManifest.xml
		INJECTED from src\main\AndroidManifest.xml
	android:versionName
		ADDED from src\main\AndroidManifest.xml:5:7-41
		INJECTED from src\main\AndroidManifest.xml
		INJECTED from src\main\AndroidManifest.xml
	xmlns:android
		ADDED from src\main\AndroidManifest.xml:2:11-69
	android:versionCode
		ADDED from src\main\AndroidManifest.xml:4:7-37
		INJECTED from src\main\AndroidManifest.xml
		INJECTED from src\main\AndroidManifest.xml
uses-sdk
ADDED from src\main\AndroidManifest.xml:7:5-44
INJECTED from src\main\AndroidManifest.xml:7:5-44
INJECTED from src\main\AndroidManifest.xml:7:5-44
INJECTED from src\main\AndroidManifest.xml:7:5-44
INJECTED from src\main\AndroidManifest.xml:7:5-44
	android:targetSdkVersion
		INJECTED from src\main\AndroidManifest.xml
		ADDED from src\main\AndroidManifest.xml:7:5-44
		INJECTED from src\main\AndroidManifest.xml
	android:minSdkVersion
		ADDED from src\main\AndroidManifest.xml:7:15-41
		INJECTED from src\main\AndroidManifest.xml
		INJECTED from src\main\AndroidManifest.xml
uses-permission#android.permission.ACCESS_WIFI_STATE
ADDED from src\main\AndroidManifest.xml:9:5-92
	android:name
		ADDED from src\main\AndroidManifest.xml:9:22-73
uses-permission#android.permission.INTERNET
ADDED from src\main\AndroidManifest.xml:10:5-83
	android:name
		ADDED from src\main\AndroidManifest.xml:10:22-64
uses-permission#android.permission.CHANGE_WIFI_MULTICAST_STATE
ADDED from src\main\AndroidManifest.xml:11:2-99
	android:name
		ADDED from src\main\AndroidManifest.xml:11:19-80
uses-permission#android.permission.CHANGE_WIFI_STATE
ADDED from src\main\AndroidManifest.xml:12:2-89
	android:name
		ADDED from src\main\AndroidManifest.xml:12:19-70
uses-permission#android.permission.WRITE_EXTERNAL_STORAGE
ADDED from src\main\AndroidManifest.xml:13:2-94
	android:name
		ADDED from src\main\AndroidManifest.xml:13:19-75
uses-permission#android.permission.ACCESS_FINE_LOCATION
ADDED from src\main\AndroidManifest.xml:14:2-92
	android:name
		ADDED from src\main\AndroidManifest.xml:14:19-73
uses-permission#android.permission.ACCESS_NETWORK_STATE
ADDED from src\main\AndroidManifest.xml:17:2-75
	android:name
		ADDED from src\main\AndroidManifest.xml:17:19-73
uses-permission#android.permission.READ_PHONE_STATE
ADDED from src\main\AndroidManifest.xml:21:2-72
	android:name
		ADDED from src\main\AndroidManifest.xml:21:19-69
uses-permission#android.permission.VIBRATE
ADDED from src\main\AndroidManifest.xml:22:2-62
	android:name
		ADDED from src\main\AndroidManifest.xml:22:19-60
uses-permission#android.permission.WAKE_LOCK
ADDED from src\main\AndroidManifest.xml:23:2-64
	android:name
		ADDED from src\main\AndroidManifest.xml:23:19-62
application
ADDED from src\main\AndroidManifest.xml:26:2-80
activity#edu.vub.at.android.util.AssetInstaller
ADDED from src\main\AndroidManifest.xml:26:15-66
	android:name
		ADDED from src\main\AndroidManifest.xml:26:25-54